INFO:     Will watch for changes in these directories: ['C:\\Users\\Administrator\\PycharmProjects\\material-mgmt\\backend']
INFO:     Uvicorn running on http://0.0.0.0:8000 (Press CTRL+C to quit)
INFO:     Started reloader process [14380] using WatchFiles
Process SpawnProcess-1:
Traceback (most recent call last):
  File "C:\Users\Administrator\AppData\Local\Programs\Python\Python313\Lib\multiprocessing\process.py", line 313, in _bootstrap
    self.run()
    ~~~~~~~~^^
  File "C:\Users\Administrator\AppData\Local\Programs\Python\Python313\Lib\multiprocessing\process.py", line 108, in run
    self._target(*self._args, **self._kwargs)
    ~~~~~~~~~~~~^^^^^^^^^^^^^^^^^^^^^^^^^^^^^
  File "C:\Users\Administrator\PycharmProjects\material-mgmt\backend\venv\Lib\site-packages\uvicorn\_subprocess.py", line 76, in subprocess_started
    target(sockets=sockets)
    ~~~~~~^^^^^^^^^^^^^^^^^
  File "C:\Users\Administrator\PycharmProjects\material-mgmt\backend\venv\Lib\site-packages\uvicorn\server.py", line 61, in run
    return asyncio.run(self.serve(sockets=sockets))
           ~~~~~~~~~~~^^^^^^^^^^^^^^^^^^^^^^^^^^^^^
  File "C:\Users\Administrator\AppData\Local\Programs\Python\Python313\Lib\asyncio\runners.py", line 195, in run
    return runner.run(main)
           ~~~~~~~~~~^^^^^^
  File "C:\Users\Administrator\AppData\Local\Programs\Python\Python313\Lib\asyncio\runners.py", line 118, in run
    return self._loop.run_until_complete(task)
           ~~~~~~~~~~~~~~~~~~~~~~~~~~~~~^^^^^^
  File "C:\Users\Administrator\AppData\Local\Programs\Python\Python313\Lib\asyncio\base_events.py", line 725, in run_until_complete
    return future.result()
           ~~~~~~~~~~~~~^^
  File "C:\Users\Administrator\PycharmProjects\material-mgmt\backend\venv\Lib\site-packages\uvicorn\server.py", line 68, in serve
    config.load()
    ~~~~~~~~~~~^^
  File "C:\Users\Administrator\PycharmProjects\material-mgmt\backend\venv\Lib\site-packages\uvicorn\config.py", line 467, in load
    self.loaded_app = import_from_string(self.app)
                      ~~~~~~~~~~~~~~~~~~^^^^^^^^^^
  File "C:\Users\Administrator\PycharmProjects\material-mgmt\backend\venv\Lib\site-packages\uvicorn\importer.py", line 21, in import_from_string
    module = importlib.import_module(module_str)
  File "C:\Users\Administrator\AppData\Local\Programs\Python\Python313\Lib\importlib\__init__.py", line 88, in import_module
    return _bootstrap._gcd_import(name[level:], package, level)
           ~~~~~~~~~~~~~~~~~~~~~~^^^^^^^^^^^^^^^^^^^^^^^^^^^^^^
  File "<frozen importlib._bootstrap>", line 1395, in _gcd_import
  File "<frozen importlib._bootstrap>", line 1360, in _find_and_load
  File "<frozen importlib._bootstrap>", line 1331, in _find_and_load_unlocked
  File "<frozen importlib._bootstrap>", line 935, in _load_unlocked
  File "<frozen importlib._bootstrap_external>", line 1023, in exec_module
  File "<frozen importlib._bootstrap>", line 488, in _call_with_frames_removed
  File "C:\Users\Administrator\PycharmProjects\material-mgmt\backend\app\main.py", line 6, in <module>
    from app.core.database import engine, Base, SessionLocal
  File "C:\Users\Administrator\PycharmProjects\material-mgmt\backend\app\core\database.py", line 1, in <module>
    from sqlalchemy import create_engine
  File "C:\Users\Administrator\PycharmProjects\material-mgmt\backend\venv\Lib\site-packages\sqlalchemy\__init__.py", line 13, in <module>
    from .engine import AdaptedConnection as AdaptedConnection
  File "C:\Users\Administrator\PycharmProjects\material-mgmt\backend\venv\Lib\site-packages\sqlalchemy\engine\__init__.py", line 18, in <module>
    from . import events as events
  File "C:\Users\Administrator\PycharmProjects\material-mgmt\backend\venv\Lib\site-packages\sqlalchemy\engine\events.py", line 19, in <module>
    from .base import Connection
  File "C:\Users\Administrator\PycharmProjects\material-mgmt\backend\venv\Lib\site-packages\sqlalchemy\engine\base.py", line 30, in <module>
    from .interfaces import BindTyping
  File "C:\Users\Administrator\PycharmProjects\material-mgmt\backend\venv\Lib\site-packages\sqlalchemy\engine\interfaces.py", line 38, in <module>
    from ..sql.compiler import Compiled as Compiled
  File "C:\Users\Administrator\PycharmProjects\material-mgmt\backend\venv\Lib\site-packages\sqlalchemy\sql\__init__.py", line 14, in <module>
    from .compiler import COLLECT_CARTESIAN_PRODUCTS as COLLECT_CARTESIAN_PRODUCTS
  File "C:\Users\Administrator\PycharmProjects\material-mgmt\backend\venv\Lib\site-packages\sqlalchemy\sql\compiler.py", line 61, in <module>
    from . import crud
  File "C:\Users\Administrator\PycharmProjects\material-mgmt\backend\venv\Lib\site-packages\sqlalchemy\sql\crud.py", line 34, in <module>
    from . import dml
  File "C:\Users\Administrator\PycharmProjects\material-mgmt\backend\venv\Lib\site-packages\sqlalchemy\sql\dml.py", line 34, in <module>
    from . import util as sql_util
  File "C:\Users\Administrator\PycharmProjects\material-mgmt\backend\venv\Lib\site-packages\sqlalchemy\sql\util.py", line 46, in <module>
    from .ddl import sort_tables as sort_tables  # noqa: F401
    ^^^^^^^^^^^^^^^^^^^^^^^^^^^^^^^^^^^^^^^^^^^
  File "C:\Users\Administrator\PycharmProjects\material-mgmt\backend\venv\Lib\site-packages\sqlalchemy\sql\ddl.py", line 30, in <module>
    from .elements import ClauseElement
  File "C:\Users\Administrator\PycharmProjects\material-mgmt\backend\venv\Lib\site-packages\sqlalchemy\sql\elements.py", line 808, in <module>
    class SQLCoreOperations(Generic[_T_co], ColumnOperators, TypingOnly):
    ...<472 lines>...
                ...
  File "C:\Users\Administrator\AppData\Local\Programs\Python\Python313\Lib\typing.py", line 1272, in _generic_init_subclass
    super(Generic, cls).__init_subclass__(*args, **kwargs)
    ~~~~~~~~~~~~~~~~~~~~~~~~~~~~~~~~~~~~~^^^^^^^^^^^^^^^^^
  File "C:\Users\Administrator\PycharmProjects\material-mgmt\backend\venv\Lib\site-packages\sqlalchemy\util\langhelpers.py", line 1988, in __init_subclass__
    raise AssertionError(
    ...<2 lines>...
    )
AssertionError: Class <class 'sqlalchemy.sql.elements.SQLCoreOperations'> directly inherits TypingOnly but has additional attributes {'__static_attributes__', '__firstlineno__'}.
WARNING:  WatchFiles detected changes in 'check_sa.py'. Reloading...
Process SpawnProcess-2:
Traceback (most recent call last):
  File "C:\Users\Administrator\AppData\Local\Programs\Python\Python313\Lib\multiprocessing\process.py", line 313, in _bootstrap
    self.run()
    ~~~~~~~~^^
  File "C:\Users\Administrator\AppData\Local\Programs\Python\Python313\Lib\multiprocessing\process.py", line 108, in run
    self._target(*self._args, **self._kwargs)
    ~~~~~~~~~~~~^^^^^^^^^^^^^^^^^^^^^^^^^^^^^
  File "C:\Users\Administrator\PycharmProjects\material-mgmt\backend\venv\Lib\site-packages\uvicorn\_subprocess.py", line 76, in subprocess_started
    target(sockets=sockets)
    ~~~~~~^^^^^^^^^^^^^^^^^
  File "C:\Users\Administrator\PycharmProjects\material-mgmt\backend\venv\Lib\site-packages\uvicorn\server.py", line 61, in run
    return asyncio.run(self.serve(sockets=sockets))
           ~~~~~~~~~~~^^^^^^^^^^^^^^^^^^^^^^^^^^^^^
  File "C:\Users\Administrator\AppData\Local\Programs\Python\Python313\Lib\asyncio\runners.py", line 195, in run
    return runner.run(main)
           ~~~~~~~~~~^^^^^^
  File "C:\Users\Administrator\AppData\Local\Programs\Python\Python313\Lib\asyncio\runners.py", line 118, in run
    return self._loop.run_until_complete(task)
           ~~~~~~~~~~~~~~~~~~~~~~~~~~~~~^^^^^^
  File "C:\Users\Administrator\AppData\Local\Programs\Python\Python313\Lib\asyncio\base_events.py", line 725, in run_until_complete
    return future.result()
           ~~~~~~~~~~~~~^^
  File "C:\Users\Administrator\PycharmProjects\material-mgmt\backend\venv\Lib\site-packages\uvicorn\server.py", line 68, in serve
    config.load()
    ~~~~~~~~~~~^^
  File "C:\Users\Administrator\PycharmProjects\material-mgmt\backend\venv\Lib\site-packages\uvicorn\config.py", line 467, in load
    self.loaded_app = import_from_string(self.app)
                      ~~~~~~~~~~~~~~~~~~^^^^^^^^^^
  File "C:\Users\Administrator\PycharmProjects\material-mgmt\backend\venv\Lib\site-packages\uvicorn\importer.py", line 21, in import_from_string
    module = importlib.import_module(module_str)
  File "C:\Users\Administrator\AppData\Local\Programs\Python\Python313\Lib\importlib\__init__.py", line 88, in import_module
    return _bootstrap._gcd_import(name[level:], package, level)
           ~~~~~~~~~~~~~~~~~~~~~~^^^^^^^^^^^^^^^^^^^^^^^^^^^^^^
  File "<frozen importlib._bootstrap>", line 1395, in _gcd_import
  File "<frozen importlib._bootstrap>", line 1360, in _find_and_load
  File "<frozen importlib._bootstrap>", line 1331, in _find_and_load_unlocked
  File "<frozen importlib._bootstrap>", line 935, in _load_unlocked
  File "<frozen importlib._bootstrap_external>", line 1023, in exec_module
  File "<frozen importlib._bootstrap>", line 488, in _call_with_frames_removed
  File "C:\Users\Administrator\PycharmProjects\material-mgmt\backend\app\main.py", line 6, in <module>
    from app.core.database import engine, Base, SessionLocal
  File "C:\Users\Administrator\PycharmProjects\material-mgmt\backend\app\core\database.py", line 1, in <module>
    from sqlalchemy import create_engine
  File "C:\Users\Administrator\PycharmProjects\material-mgmt\backend\venv\Lib\site-packages\sqlalchemy\__init__.py", line 13, in <module>
    from .engine import AdaptedConnection as AdaptedConnection
  File "C:\Users\Administrator\PycharmProjects\material-mgmt\backend\venv\Lib\site-packages\sqlalchemy\engine\__init__.py", line 18, in <module>
    from . import events as events
  File "C:\Users\Administrator\PycharmProjects\material-mgmt\backend\venv\Lib\site-packages\sqlalchemy\engine\events.py", line 19, in <module>
    from .base import Connection
  File "C:\Users\Administrator\PycharmProjects\material-mgmt\backend\venv\Lib\site-packages\sqlalchemy\engine\base.py", line 30, in <module>
    from .interfaces import BindTyping
  File "C:\Users\Administrator\PycharmProjects\material-mgmt\backend\venv\Lib\site-packages\sqlalchemy\engine\interfaces.py", line 38, in <module>
    from ..sql.compiler import Compiled as Compiled
  File "C:\Users\Administrator\PycharmProjects\material-mgmt\backend\venv\Lib\site-packages\sqlalchemy\sql\__init__.py", line 14, in <module>
    from .compiler import COLLECT_CARTESIAN_PRODUCTS as COLLECT_CARTESIAN_PRODUCTS
  File "C:\Users\Administrator\PycharmProjects\material-mgmt\backend\venv\Lib\site-packages\sqlalchemy\sql\compiler.py", line 61, in <module>
    from . import crud
  File "C:\Users\Administrator\PycharmProjects\material-mgmt\backend\venv\Lib\site-packages\sqlalchemy\sql\crud.py", line 34, in <module>
    from . import dml
  File "C:\Users\Administrator\PycharmProjects\material-mgmt\backend\venv\Lib\site-packages\sqlalchemy\sql\dml.py", line 34, in <module>
    from . import util as sql_util
  File "C:\Users\Administrator\PycharmProjects\material-mgmt\backend\venv\Lib\site-packages\sqlalchemy\sql\util.py", line 46, in <module>
    from .ddl import sort_tables as sort_tables  # noqa: F401
    ^^^^^^^^^^^^^^^^^^^^^^^^^^^^^^^^^^^^^^^^^^^
  File "C:\Users\Administrator\PycharmProjects\material-mgmt\backend\venv\Lib\site-packages\sqlalchemy\sql\ddl.py", line 30, in <module>
    from .elements import ClauseElement
  File "C:\Users\Administrator\PycharmProjects\material-mgmt\backend\venv\Lib\site-packages\sqlalchemy\sql\elements.py", line 808, in <module>
    class SQLCoreOperations(Generic[_T_co], ColumnOperators, TypingOnly):
    ...<472 lines>...
                ...
  File "C:\Users\Administrator\AppData\Local\Programs\Python\Python313\Lib\typing.py", line 1272, in _generic_init_subclass
    super(Generic, cls).__init_subclass__(*args, **kwargs)
    ~~~~~~~~~~~~~~~~~~~~~~~~~~~~~~~~~~~~~^^^^^^^^^^^^^^^^^
  File "C:\Users\Administrator\PycharmProjects\material-mgmt\backend\venv\Lib\site-packages\sqlalchemy\util\langhelpers.py", line 1988, in __init_subclass__
    raise AssertionError(
    ...<2 lines>...
    )
AssertionError: Class <class 'sqlalchemy.sql.elements.SQLCoreOperations'> directly inherits TypingOnly but has additional attributes {'__firstlineno__', '__static_attributes__'}.
WARNING:  WatchFiles detected changes in 'venv\Lib\site-packages\sqlalchemy\orm\context.py', 'venv\Lib\site-packages\sqlalchemy\dialects\mysql\dml.py', 'venv\Lib\site-packages\sqlalchemy\util\topological.py', 'venv\Lib\site-packages\sqlalchemy\dialects\postgresql\base.py', 'venv\Lib\site-packages\sqlalchemy\orm\events.py', 'venv\Lib\site-packages\sqlalchemy\sql\_dml_constructors.py', 'venv\Lib\site-packages\~qlalchemy\dialects\mysql\asyncmy.py', 'venv\Lib\site-packages\sqlalchemy\util\__init__.py', 'venv\Lib\site-packages\sqlalchemy\dialects\postgresql\operators.py', 'venv\Lib\site-packages\sqlalchemy\dialects\postgresql\__init__.py', 'venv\Lib\site-packages\sqlalchemy\ext\mypy\names.py', 'venv\Lib\site-packages\sqlalchemy\testing\suite\test_dialect.py', 'venv\Lib\site-packages\sqlalchemy\sql\schema.py', 'venv\Lib\site-packages\sqlalchemy\engine\processors.py', 'venv\Lib\site-packages\sqlalchemy\sql\visitors.py', 'venv\Lib\site-packages\sqlalchemy\dialects\sqlite\dml.py', 'venv\Lib\site-packages\sqlalchemy\ext\serializer.py', 'venv\Lib\site-packages\sqlalchemy\dialects\sqlite\pysqlite.py', 'venv\Lib\site-packages\sqlalchemy\inspection.py', 'venv\Lib\site-packages\sqlalchemy\event\api.py', 'venv\Lib\site-packages\sqlalchemy\orm\bulk_persistence.py', 'venv\Lib\site-packages\sqlalchemy\dialects\postgresql\psycopg2.py', 'venv\Lib\site-packages\sqlalchemy\engine\__init__.py', 'venv\Lib\site-packages\~qlalchemy\dialects\oracle\base.py', 'venv\Lib\site-packages\~qlalchemy\dialects\mysql\mariadbconnector.py', 'venv\Lib\site-packages\sqlalchemy\dialects\mssql\base.py', 'venv\Lib\site-packages\sqlalchemy\dialects\mssql\provision.py', 'venv\Lib\site-packages\sqlalchemy\orm\query.py', 'venv\Lib\site-packages\sqlalchemy\ext\mypy\apply.py', 'venv\Lib\site-packages\sqlalchemy\testing\engines.py', 'venv\Lib\site-packages\sqlalchemy\dialects\mysql\types.py', 'venv\Lib\site-packages\sqlalchemy\util\_collections.py', 'venv\Lib\site-packages\sqlalchemy\dialects\oracle\base.py', 'venv\Lib\site-packages\sqlalchemy\dialects\oracle\provision.py', 'venv\Lib\site-packages\~qlalchemy\dialects\mysql\pyodbc.py', 'venv\Lib\site-packages\sqlalchemy\ext\instrumentation.py', 'venv\Lib\site-packages\sqlalchemy\testing\suite\test_reflection.py', 'venv\Lib\site-packages\sqlalchemy\ext\asyncio\session.py', 'venv\Lib\site-packages\sqlalchemy\orm\exc.py', 'venv\Lib\site-packages\sqlalchemy\sql\_py_util.py', 'venv\Lib\site-packages\sqlalchemy\dialects\oracle\__init__.py', 'venv\Lib\site-packages\sqlalchemy\testing\pickleable.py', 'venv\Lib\site-packages\sqlalchemy\future\engine.py', 'venv\Lib\site-packages\sqlalchemy\dialects\mssql\pymssql.py', 'venv\Lib\site-packages\sqlalchemy\engine\row.py', 'venv\Lib\site-packages\sqlalchemy\orm\sync.py', 'venv\Lib\site-packages\~qlalchemy\dialects\mysql\cymysql.py', 'venv\Lib\site-packages\sqlalchemy\dialects\mysql\json.py', 'venv\Lib\site-packages\sqlalchemy\dialects\mssql\aioodbc.py', 'venv\Lib\site-packages\sqlalchemy\engine\cursor.py', 'venv\Lib\site-packages\sqlalchemy\sql\compiler.py', 'venv\Lib\site-packages\sqlalchemy\testing\suite\test_types.py', 'venv\Lib\site-packages\sqlalchemy\dialects\postgresql\array.py', 'venv\Lib\site-packages\sqlalchemy\engine\_py_row.py', 'venv\Lib\site-packages\sqlalchemy\connectors\pyodbc.py', 'venv\Lib\site-packages\~qlalchemy\cyextension\__init__.py', 'venv\Lib\site-packages\sqlalchemy\ext\asyncio\base.py', 'venv\Lib\site-packages\sqlalchemy\testing\provision.py', 'venv\Lib\site-packages\sqlalchemy\testing\warnings.py', 'venv\Lib\site-packages\sqlalchemy\orm\writeonly.py', 'venv\Lib\site-packages\sqlalchemy\pool\base.py', 'venv\Lib\site-packages\sqlalchemy\testing\fixtures\sql.py', 'venv\Lib\site-packages\sqlalchemy\engine\characteristics.py', 'venv\Lib\site-packages\~qlalchemy\dialects\mysql\reflection.py', 'venv\Lib\site-packages\sqlalchemy\sql\_orm_types.py', 'venv\Lib\site-packages\sqlalchemy\dialects\postgresql\dml.py', 'venv\Lib\site-packages\sqlalchemy\orm\session.py', 'venv\Lib\site-packages\sqlalchemy\testing\assertsql.py', 'venv\Lib\site-packages\sqlalchemy\sql\base.py', 'venv\Lib\site-packages\sqlalchemy\pool\events.py', 'venv\Lib\site-packages\sqlalchemy\orm\mapped_collection.py', 'venv\Lib\site-packages\sqlalchemy\util\concurrency.py', 'venv\Lib\site-packages\sqlalchemy\orm\dependency.py', 'venv\Lib\site-packages\sqlalchemy\testing\schema.py', 'venv\Lib\site-packages\sqlalchemy\orm\decl_api.py', 'venv\Lib\site-packages\sqlalchemy\testing\exclusions.py', 'venv\Lib\site-packages\sqlalchemy\dialects\__init__.py', 'venv\Lib\site-packages\sqlalchemy\ext\declarative\__init__.py', 'venv\Lib\site-packages\sqlalchemy\sql\_elements_constructors.py', 'venv\Lib\site-packages\sqlalchemy\orm\base.py', 'venv\Lib\site-packages\sqlalchemy\sql\selectable.py', 'venv\Lib\site-packages\sqlalchemy\ext\mypy\infer.py', 'venv\Lib\site-packages\sqlalchemy\ext\asyncio\engine.py', 'venv\Lib\site-packages\sqlalchemy\dialects\mssql\json.py', 'venv\Lib\site-packages\sqlalchemy\testing\plugin\plugin_base.py', 'venv\Lib\site-packages\sqlalchemy\ext\asyncio\scoping.py', 'venv\Lib\site-packages\~qlalchemy\dialects\oracle\provision.py', 'venv\Lib\site-packages\sqlalchemy\dialects\postgresql\pg8000.py', 'venv\Lib\site-packages\sqlalchemy\dialects\mysql\mysqldb.py', 'venv\Lib\site-packages\sqlalchemy\ext\indexable.py', 'venv\Lib\site-packages\sqlalchemy\ext\horizontal_shard.py', 'venv\Lib\site-packages\sqlalchemy\cyextension\__init__.py', 'venv\Lib\site-packages\sqlalchemy\ext\hybrid.py', 'venv\Lib\site-packages\~qlalchemy\dialects\mssql\provision.py', 'venv\Lib\site-packages\sqlalchemy\sql\util.py', 'venv\Lib\site-packages\sqlalchemy\orm\_orm_constructors.py', 'venv\Lib\site-packages\~qlalchemy\dialects\mssql\aioodbc.py', 'venv\Lib\site-packages\~qlalchemy\dialects\mysql\json.py', 'venv\Lib\site-packages\~qlalchemy\connectors\asyncio.py', 'venv\Lib\site-packages\sqlalchemy\testing\plugin\__init__.py', 'venv\Lib\site-packages\sqlalchemy\sql\default_comparator.py', 'venv\Lib\site-packages\sqlalchemy\dialects\postgresql\ext.py', 'venv\Lib\site-packages\sqlalchemy\orm\descriptor_props.py', 'venv\Lib\site-packages\sqlalchemy\orm\state_changes.py', 'venv\Lib\site-packages\sqlalchemy\dialects\mysql\asyncmy.py', 'venv\Lib\site-packages\sqlalchemy\testing\fixtures\base.py', 'venv\Lib\site-packages\sqlalchemy\sql\sqltypes.py', 'venv\Lib\site-packages\sqlalchemy\orm\interfaces.py', 'venv\Lib\site-packages\sqlalchemy\util\_py_collections.py', 'venv\Lib\site-packages\sqlalchemy\dialects\mysql\reserved_words.py', 'venv\Lib\site-packages\sqlalchemy\sql\traversals.py', 'venv\Lib\site-packages\sqlalchemy\testing\suite\test_rowcount.py', 'venv\Lib\site-packages\sqlalchemy\util\typing.py', 'venv\Lib\site-packages\sqlalchemy\ext\mypy\plugin.py', 'venv\Lib\site-packages\sqlalchemy\event\__init__.py', 'venv\Lib\site-packages\sqlalchemy\testing\suite\test_deprecations.py', 'venv\Lib\site-packages\sqlalchemy\testing\asyncio.py', 'venv\Lib\site-packages\sqlalchemy\sql\roles.py', 'venv\Lib\site-packages\sqlalchemy\testing\suite\test_results.py', 'venv\Lib\site-packages\sqlalchemy\dialects\mysql\mariadbconnector.py', 'venv\Lib\site-packages\~qlalchemy\dialects\mysql\base.py', 'venv\Lib\site-packages\sqlalchemy\ext\mypy\__init__.py', 'venv\Lib\site-packages\sqlalchemy\ext\declarative\extensions.py', 'venv\Lib\site-packages\sqlalchemy\testing\entities.py', 'venv\Lib\site-packages\sqlalchemy\orm\dynamic.py', 'venv\Lib\site-packages\sqlalchemy\pool\__init__.py', 'venv\Lib\site-packages\sqlalchemy\sql\elements.py', 'venv\Lib\site-packages\~qlalchemy\dialects\mssql\pyodbc.py', 'venv\Lib\site-packages\sqlalchemy\orm\strategies.py', 'venv\Lib\site-packages\sqlalchemy\orm\attributes.py', 'venv\Lib\site-packages\sqlalchemy\dialects\sqlite\json.py', 'venv\Lib\site-packages\sqlalchemy\engine\result.py', 'venv\Lib\site-packages\sqlalchemy\event\legacy.py', 'venv\Lib\site-packages\sqlalchemy\ext\asyncio\result.py', 'venv\Lib\site-packages\sqlalchemy\engine\create.py', 'venv\Lib\site-packages\sqlalchemy\connectors\aioodbc.py', 'venv\Lib\site-packages\sqlalchemy\engine\url.py', 'venv\Lib\site-packages\sqlalchemy\orm\relationships.py', 'venv\Lib\site-packages\sqlalchemy\orm\instrumentation.py', 'venv\Lib\site-packages\~qlalchemy\dialects\mssql\json.py', 'venv\Lib\site-packages\sqlalchemy\testing\__init__.py', 'venv\Lib\site-packages\sqlalchemy\ext\mypy\decl_class.py', 'venv\Lib\site-packages\sqlalchemy\dialects\postgresql\_psycopg_common.py', 'venv\Lib\site-packages\sqlalchemy\connectors\__init__.py', 'venv\Lib\site-packages\sqlalchemy\dialects\postgresql\provision.py', 'venv\Lib\site-packages\sqlalchemy\engine\_py_util.py', 'venv\Lib\site-packages\sqlalchemy\testing\util.py', 'venv\Lib\site-packages\sqlalchemy\sql\__init__.py', 'venv\Lib\site-packages\sqlalchemy\orm\util.py', 'venv\Lib\site-packages\sqlalchemy\testing\suite\test_insert.py', 'venv\Lib\site-packages\sqlalchemy\testing\config.py', 'venv\Lib\site-packages\sqlalchemy\dialects\mysql\enumerated.py', 'venv\Lib\site-packages\sqlalchemy\log.py', 'venv\Lib\site-packages\sqlalchemy\util\langhelpers.py', 'venv\Lib\site-packages\sqlalchemy\orm\state.py', 'venv\Lib\site-packages\sqlalchemy\util\_concurrency_py3k.py', 'venv\Lib\site-packages\sqlalchemy\types.py', 'venv\Lib\site-packages\sqlalchemy\testing\suite\test_unicode_ddl.py', 'venv\Lib\site-packages\sqlalchemy\sql\operators.py', 'venv\Lib\site-packages\~qlalchemy\dialects\mysql\reserved_words.py', 'venv\Lib\site-packages\~qlalchemy\dialects\mysql\aiomysql.py', 'venv\Lib\site-packages\sqlalchemy\ext\mutable.py', 'venv\Lib\site-packages\sqlalchemy\__init__.py', 'venv\Lib\site-packages\sqlalchemy\dialects\postgresql\pg_catalog.py', 'venv\Lib\site-packages\~qlalchemy\dialects\mysql\mysqldb.py', 'venv\Lib\site-packages\sqlalchemy\dialects\postgresql\types.py', 'venv\Lib\site-packages\sqlalchemy\sql\crud.py', 'venv\Lib\site-packages\sqlalchemy\dialects\mysql\__init__.py', 'venv\Lib\site-packages\~qlalchemy\dialects\mysql\dml.py', 'venv\Lib\site-packages\sqlalchemy\testing\fixtures\orm.py', 'venv\Lib\site-packages\sqlalchemy\dialects\postgresql\json.py', 'venv\Lib\site-packages\sqlalchemy\dialects\oracle\types.py', 'venv\Lib\site-packages\sqlalchemy\event\registry.py', 'venv\Lib\site-packages\sqlalchemy\sql\lambdas.py', 'venv\Lib\site-packages\sqlalchemy\dialects\mysql\mariadb.py', 'venv\Lib\site-packages\~qlalchemy\dialects\oracle\dictionary.py', 'venv\Lib\site-packages\sqlalchemy\testing\suite\test_cte.py', 'venv\Lib\site-packages\sqlalchemy\ext\baked.py', 'venv\Lib\site-packages\sqlalchemy\testing\plugin\bootstrap.py', 'venv\Lib\site-packages\sqlalchemy\testing\fixtures\__init__.py', 'venv\Lib\site-packages\sqlalchemy\dialects\mssql\pyodbc.py', 'venv\Lib\site-packages\sqlalchemy\engine\interfaces.py', 'venv\Lib\site-packages\sqlalchemy\dialects\_typing.py', 'venv\Lib\site-packages\~qlalchemy\dialects\mssql\base.py', 'venv\Lib\site-packages\~qlalchemy\connectors\aioodbc.py', 'venv\Lib\site-packages\sqlalchemy\ext\asyncio\__init__.py', 'venv\Lib\site-packages\sqlalchemy\event\attr.py', 'venv\Lib\site-packages\sqlalchemy\dialects\oracle\vector.py', 'venv\Lib\site-packages\sqlalchemy\sql\functions.py', 'venv\Lib\site-packages\sqlalchemy\engine\default.py', 'venv\Lib\site-packages\sqlalchemy\exc.py', 'venv\Lib\site-packages\sqlalchemy\orm\clsregistry.py', 'venv\Lib\site-packages\sqlalchemy\dialects\mysql\reflection.py', 'venv\Lib\site-packages\sqlalchemy\sql\dml.py', 'venv\Lib\site-packages\sqlalchemy\engine\util.py', 'venv\Lib\site-packages\sqlalchemy\dialects\mysql\base.py', 'venv\Lib\site-packages\sqlalchemy\orm\identity.py', 'venv\Lib\site-packages\sqlalchemy\dialects\sqlite\provision.py', 'venv\Lib\site-packages\sqlalchemy\testing\suite\__init__.py', 'venv\Lib\site-packages\~qlalchemy\dialects\mssql\__init__.py', 'venv\Lib\site-packages\sqlalchemy\sql\ddl.py', 'venv\Lib\site-packages\sqlalchemy\testing\fixtures\mypy.py', 'venv\Lib\site-packages\sqlalchemy\testing\assertions.py', 'venv\Lib\site-packages\~qlalchemy\dialects\mysql\__init__.py', 'venv\Lib\site-packages\sqlalchemy\future\__init__.py', 'venv\Lib\site-packages\sqlalchemy\dialects\sqlite\aiosqlite.py', 'venv\Lib\site-packages\sqlalchemy\testing\requirements.py', 'venv\Lib\site-packages\~qlalchemy\dialects\mssql\information_schema.py', 'venv\Lib\site-packages\sqlalchemy\orm\_typing.py', 'venv\Lib\site-packages\sqlalchemy\sql\type_api.py', 'venv\Lib\site-packages\sqlalchemy\dialects\mysql\mysqlconnector.py', 'venv\Lib\site-packages\sqlalchemy\testing\suite\test_update_delete.py', 'venv\Lib\site-packages\sqlalchemy\orm\loading.py', 'venv\Lib\site-packages\sqlalchemy\orm\__init__.py', 'venv\Lib\site-packages\sqlalchemy\engine\reflection.py', 'venv\Lib\site-packages\sqlalchemy\engine\events.py', 'venv\Lib\site-packages\~qlalchemy\dialects\mysql\provision.py', 'venv\Lib\site-packages\sqlalchemy\util\compat.py', 'venv\Lib\site-packages\sqlalchemy\ext\associationproxy.py', 'venv\Lib\site-packages\sqlalchemy\orm\properties.py', 'venv\Lib\site-packages\sqlalchemy\dialects\oracle\cx_oracle.py', 'venv\Lib\site-packages\sqlalchemy\dialects\sqlite\__init__.py', 'venv\Lib\site-packages\sqlalchemy\orm\unitofwork.py', 'venv\Lib\site-packages\~qlalchemy\connectors\pyodbc.py', 'venv\Lib\site-packages\~qlalchemy\dialects\oracle\cx_oracle.py', 'venv\Lib\site-packages\sqlalchemy\events.py', 'venv\Lib\site-packages\~qlalchemy\dialects\mysql\pymysql.py', 'venv\Lib\site-packages\~qlalchemy\dialects\mysql\types.py', 'venv\Lib\site-packages\~qlalchemy\dialects\mysql\mariadb.py', 'venv\Lib\site-packages\sqlalchemy\sql\expression.py', 'venv\Lib\site-packages\sqlalchemy\dialects\oracle\oracledb.py', 'venv\Lib\site-packages\sqlalchemy\event\base.py', 'venv\Lib\site-packages\sqlalchemy\util\_has_cy.py', 'venv\Lib\site-packages\sqlalchemy\dialects\mysql\pyodbc.py', 'venv\Lib\site-packages\sqlalchemy\dialects\sqlite\pysqlcipher.py', 'venv\Lib\site-packages\sqlalchemy\connectors\asyncio.py', 'venv\Lib\site-packages\sqlalchemy\ext\automap.py', 'venv\Lib\site-packages\sqlalchemy\sql\_selectable_constructors.py', 'venv\Lib\site-packages\sqlalchemy\dialects\oracle\dictionary.py', 'venv\Lib\site-packages\sqlalchemy\sql\annotation.py', 'venv\Lib\site-packages\sqlalchemy\util\deprecations.py', 'venv\Lib\site-packages\~qlalchemy\dialects\mysql\expression.py', 'venv\Lib\site-packages\sqlalchemy\ext\orderinglist.py', 'venv\Lib\site-packages\sqlalchemy\orm\decl_base.py', 'venv\Lib\site-packages\sqlalchemy\sql\_typing.py', 'venv\Lib\site-packages\sqlalchemy\engine\base.py', 'venv\Lib\site-packages\sqlalchemy\testing\suite\test_select.py', 'venv\Lib\site-packages\~qlalchemy\dialects\mysql\mysqlconnector.py', 'venv\Lib\site-packages\sqlalchemy\ext\__init__.py', 'venv\Lib\site-packages\sqlalchemy\orm\strategy_options.py', 'venv\Lib\site-packages\sqlalchemy\dialects\postgresql\asyncpg.py', 'venv\Lib\site-packages\sqlalchemy\schema.py', 'venv\Lib\site-packages\~qlalchemy\dialects\mssql\pymssql.py', 'venv\Lib\site-packages\sqlalchemy\util\tool_support.py', 'venv\Lib\site-packages\sqlalchemy\testing\suite\test_ddl.py', 'venv\Lib\site-packages\sqlalchemy\dialects\postgresql\psycopg2cffi.py', 'venv\Lib\site-packages\sqlalchemy\sql\naming.py', 'venv\Lib\site-packages\sqlalchemy\orm\collections.py', 'venv\Lib\site-packages\sqlalchemy\ext\compiler.py', 'venv\Lib\site-packages\sqlalchemy\dialects\mssql\information_schema.py', 'venv\Lib\site-packages\~qlalchemy\connectors\__init__.py', 'venv\Lib\site-packages\sqlalchemy\dialects\mysql\aiomysql.py', 'venv\Lib\site-packages\sqlalchemy\pool\impl.py', 'venv\Lib\site-packages\~qlalchemy\dialects\oracle\oracledb.py', 'venv\Lib\site-packages\sqlalchemy\dialects\mssql\__init__.py', 'venv\Lib\site-packages\sqlalchemy\dialects\mysql\expression.py', 'venv\Lib\site-packages\sqlalchemy\dialects\postgresql\named_types.py', 'venv\Lib\site-packages\sqlalchemy\engine\_py_processors.py', 'venv\Lib\site-packages\sqlalchemy\testing\plugin\pytestplugin.py', 'venv\Lib\site-packages\sqlalchemy\orm\persistence.py', 'venv\Lib\site-packages\sqlalchemy\sql\cache_key.py', 'venv\Lib\site-packages\sqlalchemy\orm\mapper.py', 'venv\Lib\site-packages\sqlalchemy\dialects\mysql\provision.py', 'venv\Lib\site-packages\sqlalchemy\dialects\mysql\cymysql.py', 'venv\Lib\site-packages\sqlalchemy\testing\profiling.py', 'venv\Lib\site-packages\~qlalchemy\dialects\mysql\enumerated.py', 'venv\Lib\site-packages\sqlalchemy\orm\scoping.py', 'venv\Lib\site-packages\sqlalchemy\engine\mock.py', 'venv\Lib\site-packages\sqlalchemy\sql\events.py', 'venv\Lib\site-packages\sqlalchemy\engine\strategies.py', 'venv\Lib\site-packages\sqlalchemy\dialects\mysql\pymysql.py', 'venv\Lib\site-packages\sqlalchemy\dialects\postgresql\ranges.py', 'venv\Lib\site-packages\sqlalchemy\ext\asyncio\exc.py', 'venv\Lib\site-packages\sqlalchemy\orm\path_registry.py', 'venv\Lib\site-packages\sqlalchemy\dialects\postgresql\psycopg.py', 'venv\Lib\site-packages\sqlalchemy\sql\coercions.py', 'venv\Lib\site-packages\sqlalchemy\util\preloaded.py', 'venv\Lib\site-packages\sqlalchemy\dialects\postgresql\hstore.py', 'venv\Lib\site-packages\sqlalchemy\dialects\sqlite\base.py', 'venv\Lib\site-packages\sqlalchemy\orm\evaluator.py', 'venv\Lib\site-packages\sqlalchemy\ext\mypy\util.py', 'venv\Lib\site-packages\sqlalchemy\testing\suite\test_sequence.py', 'venv\Lib\site-packages\sqlalchemy\util\queue.py'. Reloading...
WARNING:  WatchFiles detected changes in 'venv\Lib\site-packages\~qlalchemy\dialects\postgresql\base.py', 'venv\Lib\site-packages\~qlalchemy\testing\profiling.py', 'venv\Lib\site-packages\~qlalchemy\testing\suite\test_dialect.py', 'venv\Lib\site-packages\~qlalchemy\sql\base.py', 'venv\Lib\site-packages\~qlalchemy\orm\instrumentation.py', 'venv\Lib\site-packages\~qlalchemy\util\_has_cy.py', 'venv\Lib\site-packages\~qlalchemy\engine\_py_row.py', 'venv\Lib\site-packages\~qlalchemy\testing\config.py', 'venv\Lib\site-packages\~qlalchemy\engine\processors.py', 'venv\Lib\site-packages\~qlalchemy\engine\__init__.py', 'venv\Lib\site-packages\~qlalchemy\dialects\postgresql\array.py', 'venv\Lib\site-packages\~qlalchemy\util\preloaded.py', 'venv\Lib\site-packages\~qlalchemy\sql\traversals.py', 'venv\Lib\site-packages\~qlalchemy\ext\compiler.py', 'venv\Lib\site-packages\~qlalchemy\sql\visitors.py', 'venv\Lib\site-packages\~qlalchemy\testing\assertsql.py', 'venv\Lib\site-packages\~qlalchemy\testing\suite\test_unicode_ddl.py', 'venv\Lib\site-packages\~qlalchemy\util\__init__.py', 'venv\Lib\site-packages\~qlalchemy\future\__init__.py', 'venv\Lib\site-packages\~qlalchemy\sql\operators.py', 'venv\Lib\site-packages\~qlalchemy\orm\relationships.py', 'venv\Lib\site-packages\~qlalchemy\util\deprecations.py', 'venv\Lib\site-packages\~qlalchemy\events.py', 'venv\Lib\site-packages\~qlalchemy\ext\declarative\__init__.py', 'venv\Lib\site-packages\~qlalchemy\event\base.py', 'venv\Lib\site-packages\~qlalchemy\testing\requirements.py', 'venv\Lib\site-packages\~qlalchemy\orm\mapped_collection.py', 'venv\Lib\site-packages\~qlalchemy\ext\automap.py', 'venv\Lib\site-packages\~qlalchemy\testing\suite\test_results.py', 'venv\Lib\site-packages\~qlalchemy\sql\expression.py', 'venv\Lib\site-packages\~qlalchemy\dialects\postgresql\operators.py', 'venv\Lib\site-packages\~qlalchemy\dialects\oracle\types.py', 'venv\Lib\site-packages\~qlalchemy\testing\exclusions.py', 'venv\Lib\site-packages\~qlalchemy\testing\plugin\__init__.py', 'venv\Lib\site-packages\~qlalchemy\dialects\_typing.py', 'venv\Lib\site-packages\~qlalchemy\engine\_py_processors.py', 'venv\Lib\site-packages\~qlalchemy\testing\suite\test_ddl.py', 'venv\Lib\site-packages\~qlalchemy\ext\orderinglist.py', 'venv\Lib\site-packages\~qlalchemy\orm\attributes.py', 'venv\Lib\site-packages\~qlalchemy\orm\_typing.py', 'venv\Lib\site-packages\~qlalchemy\sql\coercions.py', 'venv\Lib\site-packages\~qlalchemy\ext\asyncio\base.py', 'venv\Lib\site-packages\~qlalchemy\engine\default.py', 'venv\Lib\site-packages\~qlalchemy\sql\events.py', 'venv\Lib\site-packages\~qlalchemy\ext\mutable.py', 'venv\Lib\site-packages\~qlalchemy\sql\naming.py', 'venv\Lib\site-packages\~qlalchemy\dialects\postgresql\types.py', 'venv\Lib\site-packages\~qlalchemy\testing\warnings.py', 'venv\Lib\site-packages\~qlalchemy\inspection.py', 'venv\Lib\site-packages\~qlalchemy\sql\crud.py', 'venv\Lib\site-packages\~qlalchemy\testing\fixtures\sql.py', 'venv\Lib\site-packages\~qlalchemy\engine\interfaces.py', 'venv\Lib\site-packages\~qlalchemy\testing\util.py', 'venv\Lib\site-packages\~qlalchemy\sql\_py_util.py', 'venv\Lib\site-packages\~qlalchemy\ext\mypy\plugin.py', 'venv\Lib\site-packages\~qlalchemy\dialects\postgresql\pg8000.py', 'venv\Lib\site-packages\~qlalchemy\testing\__init__.py', 'venv\Lib\site-packages\~qlalchemy\testing\suite\test_sequence.py', 'venv\Lib\site-packages\~qlalchemy\dialects\postgresql\ext.py', 'venv\Lib\site-packages\~qlalchemy\sql\default_comparator.py', 'venv\Lib\site-packages\~qlalchemy\orm\scoping.py', 'venv\Lib\site-packages\~qlalchemy\util\_concurrency_py3k.py', 'venv\Lib\site-packages\~qlalchemy\ext\asyncio\scoping.py', 'venv\Lib\site-packages\~qlalchemy\ext\horizontal_shard.py', 'venv\Lib\site-packages\~qlalchemy\engine\mock.py', 'venv\Lib\site-packages\~qlalchemy\util\concurrency.py', 'venv\Lib\site-packages\~qlalchemy\engine\events.py', 'venv\Lib\site-packages\~qlalchemy\ext\instrumentation.py', 'venv\Lib\site-packages\~qlalchemy\ext\asyncio\__init__.py', 'venv\Lib\site-packages\~qlalchemy\orm\decl_base.py', 'venv\Lib\site-packages\~qlalchemy\orm\loading.py', 'venv\Lib\site-packages\~qlalchemy\testing\suite\test_update_delete.py', 'venv\Lib\site-packages\~qlalchemy\event\legacy.py', 'venv\Lib\site-packages\~qlalchemy\event\__init__.py', 'venv\Lib\site-packages\~qlalchemy\testing\entities.py', 'venv\Lib\site-packages\~qlalchemy\orm\query.py', 'venv\Lib\site-packages\~qlalchemy\event\attr.py', 'venv\Lib\site-packages\~qlalchemy\ext\__init__.py', 'venv\Lib\site-packages\~qlalchemy\sql\sqltypes.py', 'venv\Lib\site-packages\~qlalchemy\ext\asyncio\exc.py', 'venv\Lib\site-packages\~qlalchemy\engine\result.py', 'venv\Lib\site-packages\~qlalchemy\engine\_py_util.py', 'venv\Lib\site-packages\~qlalchemy\event\api.py', 'venv\Lib\site-packages\~qlalchemy\testing\pickleable.py', 'venv\Lib\site-packages\~qlalchemy\dialects\sqlite\pysqlcipher.py', 'venv\Lib\site-packages\~qlalchemy\orm\properties.py', 'venv\Lib\site-packages\~qlalchemy\orm\identity.py', 'venv\Lib\site-packages\~qlalchemy\exc.py', 'venv\Lib\site-packages\~qlalchemy\ext\asyncio\engine.py', 'venv\Lib\site-packages\~qlalchemy\sql\elements.py', 'venv\Lib\site-packages\~qlalchemy\testing\suite\test_rowcount.py', 'venv\Lib\site-packages\~qlalchemy\dialects\sqlite\base.py', 'venv\Lib\site-packages\~qlalchemy\util\queue.py', 'venv\Lib\site-packages\~qlalchemy\util\_collections.py', 'venv\Lib\site-packages\~qlalchemy\ext\mypy\infer.py', 'venv\Lib\site-packages\~qlalchemy\dialects\postgresql\psycopg2cffi.py', 'venv\Lib\site-packages\~qlalchemy\orm\decl_api.py', 'venv\Lib\site-packages\~qlalchemy\util\_py_collections.py', 'venv\Lib\site-packages\~qlalchemy\future\engine.py', 'venv\Lib\site-packages\~qlalchemy\util\typing.py', 'venv\Lib\site-packages\~qlalchemy\sql\compiler.py', 'venv\Lib\site-packages\~qlalchemy\sql\cache_key.py', 'venv\Lib\site-packages\~qlalchemy\ext\mypy\names.py', 'venv\Lib\site-packages\~qlalchemy\orm\clsregistry.py', 'venv\Lib\site-packages\~qlalchemy\ext\asyncio\result.py', 'venv\Lib\site-packages\~qlalchemy\testing\engines.py', 'venv\Lib\site-packages\~qlalchemy\engine\row.py', 'venv\Lib\site-packages\~qlalchemy\ext\mypy\apply.py', 'venv\Lib\site-packages\~qlalchemy\util\tool_support.py', 'venv\Lib\site-packages\~qlalchemy\orm\persistence.py', 'venv\Lib\site-packages\~qlalchemy\engine\strategies.py', 'venv\Lib\site-packages\~qlalchemy\sql\_typing.py', 'venv\Lib\site-packages\~qlalchemy\ext\mypy\__init__.py', 'venv\Lib\site-packages\~qlalchemy\engine\create.py', 'venv\Lib\site-packages\~qlalchemy\orm\path_registry.py', 'venv\Lib\site-packages\~qlalchemy\testing\fixtures\__init__.py', 'venv\Lib\site-packages\~qlalchemy\dialects\postgresql\psycopg2.py', 'venv\Lib\site-packages\~qlalchemy\sql\roles.py', 'venv\Lib\site-packages\~qlalchemy\sql\_dml_constructors.py', 'venv\Lib\site-packages\~qlalchemy\testing\schema.py', 'venv\Lib\site-packages\~qlalchemy\orm\_orm_constructors.py', 'venv\Lib\site-packages\~qlalchemy\orm\session.py', 'venv\Lib\site-packages\~qlalchemy\orm\strategies.py', 'venv\Lib\site-packages\~qlalchemy\dialects\postgresql\json.py', 'venv\Lib\site-packages\~qlalchemy\orm\sync.py', 'venv\Lib\site-packages\~qlalchemy\testing\fixtures\orm.py', 'venv\Lib\site-packages\~qlalchemy\orm\mapper.py', 'venv\Lib\site-packages\~qlalchemy\orm\base.py', 'venv\Lib\site-packages\~qlalchemy\engine\base.py', 'venv\Lib\site-packages\~qlalchemy\util\compat.py', 'venv\Lib\site-packages\~qlalchemy\testing\suite\test_select.py', 'venv\Lib\site-packages\~qlalchemy\sql\schema.py', 'venv\Lib\site-packages\~qlalchemy\orm\unitofwork.py', 'venv\Lib\site-packages\~qlalchemy\engine\util.py', 'venv\Lib\site-packages\~qlalchemy\pool\__init__.py', 'venv\Lib\site-packages\~qlalchemy\pool\base.py', 'venv\Lib\site-packages\~qlalchemy\dialects\postgresql\_psycopg_common.py', 'venv\Lib\site-packages\~qlalchemy\dialects\postgresql\psycopg.py', 'venv\Lib\site-packages\~qlalchemy\pool\events.py', 'venv\Lib\site-packages\~qlalchemy\orm\writeonly.py', 'venv\Lib\site-packages\~qlalchemy\ext\asyncio\session.py', 'venv\Lib\site-packages\~qlalchemy\testing\suite\test_cte.py', 'venv\Lib\site-packages\~qlalchemy\ext\associationproxy.py', 'venv\Lib\site-packages\~qlalchemy\sql\__init__.py', 'venv\Lib\site-packages\~qlalchemy\sql\annotation.py', 'venv\Lib\site-packages\~qlalchemy\orm\__init__.py', 'venv\Lib\site-packages\~qlalchemy\ext\declarative\extensions.py', 'venv\Lib\site-packages\~qlalchemy\engine\characteristics.py', 'venv\Lib\site-packages\~qlalchemy\engine\reflection.py', 'venv\Lib\site-packages\~qlalchemy\engine\cursor.py', 'venv\Lib\site-packages\~qlalchemy\testing\suite\test_types.py', 'venv\Lib\site-packages\~qlalchemy\sql\dml.py', 'venv\Lib\site-packages\~qlalchemy\dialects\__init__.py', 'venv\Lib\site-packages\~qlalchemy\testing\suite\test_deprecations.py', 'venv\Lib\site-packages\~qlalchemy\dialects\postgresql\hstore.py', 'venv\Lib\site-packages\~qlalchemy\log.py', 'venv\Lib\site-packages\~qlalchemy\testing\suite\__init__.py', 'venv\Lib\site-packages\~qlalchemy\testing\provision.py', 'venv\Lib\site-packages\~qlalchemy\schema.py', 'venv\Lib\site-packages\~qlalchemy\testing\asyncio.py', 'venv\Lib\site-packages\~qlalchemy\ext\baked.py', 'venv\Lib\site-packages\~qlalchemy\orm\state_changes.py', 'venv\Lib\site-packages\~qlalchemy\orm\exc.py', 'venv\Lib\site-packages\~qlalchemy\ext\serializer.py', 'venv\Lib\site-packages\~qlalchemy\orm\state.py', 'venv\Lib\site-packages\~qlalchemy\dialects\sqlite\pysqlite.py', 'venv\Lib\site-packages\~qlalchemy\engine\url.py', 'venv\Lib\site-packages\~qlalchemy\orm\context.py', 'venv\Lib\site-packages\~qlalchemy\orm\collections.py', 'venv\Lib\site-packages\~qlalchemy\dialects\postgresql\asyncpg.py', 'venv\Lib\site-packages\~qlalchemy\sql\type_api.py', 'venv\Lib\site-packages\~qlalchemy\testing\assertions.py', 'venv\Lib\site-packages\~qlalchemy\dialects\postgresql\named_types.py', 'venv\Lib\site-packages\~qlalchemy\sql\selectable.py', 'venv\Lib\site-packages\~qlalchemy\testing\fixtures\base.py', 'venv\Lib\site-packages\~qlalchemy\testing\suite\test_insert.py', 'venv\Lib\site-packages\~qlalchemy\ext\hybrid.py', 'venv\Lib\site-packages\~qlalchemy\orm\strategy_options.py', 'venv\Lib\site-packages\~qlalchemy\event\registry.py', 'venv\Lib\site-packages\~qlalchemy\dialects\postgresql\provision.py', 'venv\Lib\site-packages\~qlalchemy\orm\bulk_persistence.py', 'venv\Lib\site-packages\~qlalchemy\ext\mypy\decl_class.py', 'venv\Lib\site-packages\~qlalchemy\orm\dynamic.py', 'venv\Lib\site-packages\~qlalchemy\util\topological.py', 'venv\Lib\site-packages\~qlalchemy\sql\_selectable_constructors.py', 'venv\Lib\site-packages\~qlalchemy\util\langhelpers.py', 'venv\Lib\site-packages\~qlalchemy\orm\descriptor_props.py', 'venv\Lib\site-packages\~qlalchemy\dialects\postgresql\__init__.py', 'venv\Lib\site-packages\~qlalchemy\sql\util.py', 'venv\Lib\site-packages\~qlalchemy\dialects\sqlite\provision.py', 'venv\Lib\site-packages\~qlalchemy\sql\functions.py', 'venv\Lib\site-packages\~qlalchemy\pool\impl.py', 'venv\Lib\site-packages\~qlalchemy\orm\interfaces.py', 'venv\Lib\site-packages\~qlalchemy\sql\lambdas.py', 'venv\Lib\site-packages\~qlalchemy\testing\plugin\plugin_base.py', 'venv\Lib\site-packages\~qlalchemy\dialects\oracle\__init__.py', 'venv\Lib\site-packages\~qlalchemy\testing\fixtures\mypy.py', 'venv\Lib\site-packages\~qlalchemy\sql\ddl.py', 'venv\Lib\site-packages\~qlalchemy\testing\plugin\bootstrap.py', 'venv\Lib\site-packages\~qlalchemy\ext\indexable.py', 'venv\Lib\site-packages\~qlalchemy\testing\plugin\pytestplugin.py', 'venv\Lib\site-packages\~qlalchemy\dialects\postgresql\pg_catalog.py', 'venv\Lib\site-packages\~qlalchemy\ext\mypy\util.py', 'venv\Lib\site-packages\~qlalchemy\sql\_elements_constructors.py', 'venv\Lib\site-packages\~qlalchemy\dialects\postgresql\ranges.py', 'venv\Lib\site-packages\~qlalchemy\dialects\postgresql\dml.py', 'venv\Lib\site-packages\~qlalchemy\__init__.py', 'venv\Lib\site-packages\~qlalchemy\sql\_orm_types.py', 'venv\Lib\site-packages\~qlalchemy\testing\suite\test_reflection.py', 'venv\Lib\site-packages\~qlalchemy\orm\events.py', 'venv\Lib\site-packages\~qlalchemy\orm\util.py', 'venv\Lib\site-packages\~qlalchemy\dialects\sqlite\json.py', 'venv\Lib\site-packages\~qlalchemy\types.py', 'venv\Lib\site-packages\~qlalchemy\dialects\sqlite\aiosqlite.py', 'venv\Lib\site-packages\~qlalchemy\dialects\sqlite\__init__.py', 'venv\Lib\site-packages\~qlalchemy\orm\dependency.py', 'venv\Lib\site-packages\~qlalchemy\dialects\sqlite\dml.py', 'venv\Lib\site-packages\~qlalchemy\orm\evaluator.py'. Reloading...
INFO:     Started server process [13528]
INFO:     Waiting for application startup.
2026-06-27 01:24:22,165 INFO sqlalchemy.engine.Engine BEGIN (implicit)
2026-06-27 01:24:22,165 INFO sqlalchemy.engine.Engine PRAGMA main.table_info("users")
2026-06-27 01:24:22,165 INFO sqlalchemy.engine.Engine [raw sql] ()
2026-06-27 01:24:22,166 INFO sqlalchemy.engine.Engine PRAGMA main.table_info("roles")
2026-06-27 01:24:22,166 INFO sqlalchemy.engine.Engine [raw sql] ()
2026-06-27 01:24:22,166 INFO sqlalchemy.engine.Engine PRAGMA main.table_info("permissions")
2026-06-27 01:24:22,166 INFO sqlalchemy.engine.Engine [raw sql] ()
2026-06-27 01:24:22,167 INFO sqlalchemy.engine.Engine PRAGMA main.table_info("user_roles")
2026-06-27 01:24:22,167 INFO sqlalchemy.engine.Engine [raw sql] ()
2026-06-27 01:24:22,167 INFO sqlalchemy.engine.Engine PRAGMA main.table_info("role_permissions")
2026-06-27 01:24:22,167 INFO sqlalchemy.engine.Engine [raw sql] ()
2026-06-27 01:24:22,167 INFO sqlalchemy.engine.Engine PRAGMA main.table_info("material_categories")
2026-06-27 01:24:22,167 INFO sqlalchemy.engine.Engine [raw sql] ()
2026-06-27 01:24:22,167 INFO sqlalchemy.engine.Engine PRAGMA main.table_info("materials")
2026-06-27 01:24:22,167 INFO sqlalchemy.engine.Engine [raw sql] ()
2026-06-27 01:24:22,167 INFO sqlalchemy.engine.Engine PRAGMA main.table_info("warehouses")
2026-06-27 01:24:22,167 INFO sqlalchemy.engine.Engine [raw sql] ()
2026-06-27 01:24:22,167 INFO sqlalchemy.engine.Engine PRAGMA main.table_info("storage_locations")
2026-06-27 01:24:22,168 INFO sqlalchemy.engine.Engine [raw sql] ()
2026-06-27 01:24:22,168 INFO sqlalchemy.engine.Engine PRAGMA main.table_info("inventory")
2026-06-27 01:24:22,168 INFO sqlalchemy.engine.Engine [raw sql] ()
2026-06-27 01:24:22,168 INFO sqlalchemy.engine.Engine PRAGMA main.table_info("inventory_transactions")
2026-06-27 01:24:22,168 INFO sqlalchemy.engine.Engine [raw sql] ()
2026-06-27 01:24:22,168 INFO sqlalchemy.engine.Engine PRAGMA main.table_info("stock_in_orders")
2026-06-27 01:24:22,168 INFO sqlalchemy.engine.Engine [raw sql] ()
2026-06-27 01:24:22,168 INFO sqlalchemy.engine.Engine PRAGMA main.table_info("stock_in_items")
2026-06-27 01:24:22,168 INFO sqlalchemy.engine.Engine [raw sql] ()
2026-06-27 01:24:22,168 INFO sqlalchemy.engine.Engine PRAGMA main.table_info("stock_out_orders")
2026-06-27 01:24:22,168 INFO sqlalchemy.engine.Engine [raw sql] ()
2026-06-27 01:24:22,168 INFO sqlalchemy.engine.Engine PRAGMA main.table_info("stock_out_items")
2026-06-27 01:24:22,168 INFO sqlalchemy.engine.Engine [raw sql] ()
2026-06-27 01:24:22,168 INFO sqlalchemy.engine.Engine PRAGMA main.table_info("suppliers")
2026-06-27 01:24:22,169 INFO sqlalchemy.engine.Engine [raw sql] ()
2026-06-27 01:24:22,169 INFO sqlalchemy.engine.Engine PRAGMA main.table_info("departments")
2026-06-27 01:24:22,169 INFO sqlalchemy.engine.Engine [raw sql] ()
2026-06-27 01:24:22,169 INFO sqlalchemy.engine.Engine COMMIT
2026-06-27 01:24:22,201 INFO sqlalchemy.engine.Engine BEGIN (implicit)
2026-06-27 01:24:22,202 INFO sqlalchemy.engine.Engine SELECT users.id AS users_id, users.username AS users_username, users.hashed_password AS users_hashed_password, users.real_name AS users_real_name, users.phone AS users_phone, users.email AS users_email, users.is_active AS users_is_active, users.is_superuser AS users_is_superuser, users.created_at AS users_created_at, users.updated_at AS users_updated_at 
FROM users 
WHERE users.username = ?
 LIMIT ? OFFSET ?
2026-06-27 01:24:22,202 INFO sqlalchemy.engine.Engine [generated in 0.00015s] ('admin', 1, 0)
2026-06-27 01:24:22,205 INFO sqlalchemy.engine.Engine SELECT users_1.id AS users_1_id, roles.id AS roles_id, roles.name AS roles_name, roles.code AS roles_code, roles.description AS roles_description, roles.created_at AS roles_created_at 
FROM users AS users_1 JOIN user_roles AS user_roles_1 ON users_1.id = user_roles_1.user_id JOIN roles ON roles.id = user_roles_1.role_id 
WHERE users_1.id IN (?)
2026-06-27 01:24:22,205 INFO sqlalchemy.engine.Engine [generated in 0.00016s] (1,)
2026-06-27 01:24:22,206 INFO sqlalchemy.engine.Engine SELECT roles.id AS roles_id, roles.name AS roles_name, roles.code AS roles_code, roles.description AS roles_description, roles.created_at AS roles_created_at 
FROM roles 
WHERE roles.code = ?
 LIMIT ? OFFSET ?
2026-06-27 01:24:22,206 INFO sqlalchemy.engine.Engine [generated in 0.00011s] ('admin', 1, 0)
2026-06-27 01:24:22,208 INFO sqlalchemy.engine.Engine SELECT roles_1.id AS roles_1_id, users.id AS users_id, users.username AS users_username, users.hashed_password AS users_hashed_password, users.real_name AS users_real_name, users.phone AS users_phone, users.email AS users_email, users.is_active AS users_is_active, users.is_superuser AS users_is_superuser, users.created_at AS users_created_at, users.updated_at AS users_updated_at 
FROM roles AS roles_1 JOIN user_roles AS user_roles_1 ON roles_1.id = user_roles_1.role_id JOIN users ON users.id = user_roles_1.user_id 
WHERE roles_1.id IN (?)
2026-06-27 01:24:22,208 INFO sqlalchemy.engine.Engine [generated in 0.00013s] (1,)
2026-06-27 01:24:22,209 INFO sqlalchemy.engine.Engine SELECT roles_1.id AS roles_1_id, permissions.id AS permissions_id, permissions.name AS permissions_name, permissions.code AS permissions_code, permissions.module AS permissions_module, permissions.description AS permissions_description 
FROM roles AS roles_1 JOIN role_permissions AS role_permissions_1 ON roles_1.id = role_permissions_1.role_id JOIN permissions ON permissions.id = role_permissions_1.permission_id 
WHERE roles_1.id IN (?)
2026-06-27 01:24:22,209 INFO sqlalchemy.engine.Engine [generated in 0.00015s] (1,)
2026-06-27 01:24:22,210 INFO sqlalchemy.engine.Engine SELECT roles.id AS roles_id, roles.name AS roles_name, roles.code AS roles_code, roles.description AS roles_description, roles.created_at AS roles_created_at 
FROM roles 
WHERE roles.code = ?
 LIMIT ? OFFSET ?
2026-06-27 01:24:22,210 INFO sqlalchemy.engine.Engine [cached since 0.003821s ago] ('warehouse_keeper', 1, 0)
2026-06-27 01:24:22,210 INFO sqlalchemy.engine.Engine SELECT roles_1.id AS roles_1_id, users.id AS users_id, users.username AS users_username, users.hashed_password AS users_hashed_password, users.real_name AS users_real_name, users.phone AS users_phone, users.email AS users_email, users.is_active AS users_is_active, users.is_superuser AS users_is_superuser, users.created_at AS users_created_at, users.updated_at AS users_updated_at 
FROM roles AS roles_1 JOIN user_roles AS user_roles_1 ON roles_1.id = user_roles_1.role_id JOIN users ON users.id = user_roles_1.user_id 
WHERE roles_1.id IN (?)
2026-06-27 01:24:22,210 INFO sqlalchemy.engine.Engine [cached since 0.00274s ago] (2,)
2026-06-27 01:24:22,211 INFO sqlalchemy.engine.Engine SELECT roles_1.id AS roles_1_id, permissions.id AS permissions_id, permissions.name AS permissions_name, permissions.code AS permissions_code, permissions.module AS permissions_module, permissions.description AS permissions_description 
FROM roles AS roles_1 JOIN role_permissions AS role_permissions_1 ON roles_1.id = role_permissions_1.role_id JOIN permissions ON permissions.id = role_permissions_1.permission_id 
WHERE roles_1.id IN (?)
2026-06-27 01:24:22,211 INFO sqlalchemy.engine.Engine [cached since 0.001733s ago] (2,)
2026-06-27 01:24:22,211 INFO sqlalchemy.engine.Engine SELECT roles.id AS roles_id, roles.name AS roles_name, roles.code AS roles_code, roles.description AS roles_description, roles.created_at AS roles_created_at 
FROM roles 
WHERE roles.code = ?
 LIMIT ? OFFSET ?
2026-06-27 01:24:22,211 INFO sqlalchemy.engine.Engine [cached since 0.0053s ago] ('applicant', 1, 0)
2026-06-27 01:24:22,212 INFO sqlalchemy.engine.Engine SELECT roles_1.id AS roles_1_id, users.id AS users_id, users.username AS users_username, users.hashed_password AS users_hashed_password, users.real_name AS users_real_name, users.phone AS users_phone, users.email AS users_email, users.is_active AS users_is_active, users.is_superuser AS users_is_superuser, users.created_at AS users_created_at, users.updated_at AS users_updated_at 
FROM roles AS roles_1 JOIN user_roles AS user_roles_1 ON roles_1.id = user_roles_1.role_id JOIN users ON users.id = user_roles_1.user_id 
WHERE roles_1.id IN (?)
2026-06-27 01:24:22,212 INFO sqlalchemy.engine.Engine [cached since 0.004179s ago] (3,)
2026-06-27 01:24:22,212 INFO sqlalchemy.engine.Engine SELECT roles_1.id AS roles_1_id, permissions.id AS permissions_id, permissions.name AS permissions_name, permissions.code AS permissions_code, permissions.module AS permissions_module, permissions.description AS permissions_description 
FROM roles AS roles_1 JOIN role_permissions AS role_permissions_1 ON roles_1.id = role_permissions_1.role_id JOIN permissions ON permissions.id = role_permissions_1.permission_id 
WHERE roles_1.id IN (?)
2026-06-27 01:24:22,212 INFO sqlalchemy.engine.Engine [cached since 0.003192s ago] (3,)
2026-06-27 01:24:22,213 INFO sqlalchemy.engine.Engine SELECT permissions.id AS permissions_id, permissions.name AS permissions_name, permissions.code AS permissions_code, permissions.module AS permissions_module, permissions.description AS permissions_description 
FROM permissions 
WHERE permissions.code = ?
 LIMIT ? OFFSET ?
2026-06-27 01:24:22,213 INFO sqlalchemy.engine.Engine [generated in 0.00011s] ('user:list', 1, 0)
2026-06-27 01:24:22,214 INFO sqlalchemy.engine.Engine SELECT permissions_1.id AS permissions_1_id, roles.id AS roles_id, roles.name AS roles_name, roles.code AS roles_code, roles.description AS roles_description, roles.created_at AS roles_created_at 
FROM permissions AS permissions_1 JOIN role_permissions AS role_permissions_1 ON permissions_1.id = role_permissions_1.permission_id JOIN roles ON roles.id = role_permissions_1.role_id 
WHERE permissions_1.id IN (?)
2026-06-27 01:24:22,214 INFO sqlalchemy.engine.Engine [generated in 0.00013s] (1,)
2026-06-27 01:24:22,215 INFO sqlalchemy.engine.Engine SELECT permissions.id AS permissions_id, permissions.name AS permissions_name, permissions.code AS permissions_code, permissions.module AS permissions_module, permissions.description AS permissions_description 
FROM permissions 
WHERE permissions.code = ?
 LIMIT ? OFFSET ?
2026-06-27 01:24:22,215 INFO sqlalchemy.engine.Engine [cached since 0.001848s ago] ('user:view', 1, 0)
2026-06-27 01:24:22,215 INFO sqlalchemy.engine.Engine SELECT permissions_1.id AS permissions_1_id, roles.id AS roles_id, roles.name AS roles_name, roles.code AS roles_code, roles.description AS roles_description, roles.created_at AS roles_created_at 
FROM permissions AS permissions_1 JOIN role_permissions AS role_permissions_1 ON permissions_1.id = role_permissions_1.permission_id JOIN roles ON roles.id = role_permissions_1.role_id 
WHERE permissions_1.id IN (?)
2026-06-27 01:24:22,215 INFO sqlalchemy.engine.Engine [cached since 0.001178s ago] (2,)
2026-06-27 01:24:22,216 INFO sqlalchemy.engine.Engine SELECT permissions.id AS permissions_id, permissions.name AS permissions_name, permissions.code AS permissions_code, permissions.module AS permissions_module, permissions.description AS permissions_description 
FROM permissions 
WHERE permissions.code = ?
 LIMIT ? OFFSET ?
2026-06-27 01:24:22,216 INFO sqlalchemy.engine.Engine [cached since 0.0028s ago] ('user:edit', 1, 0)
2026-06-27 01:24:22,216 INFO sqlalchemy.engine.Engine SELECT permissions_1.id AS permissions_1_id, roles.id AS roles_id, roles.name AS roles_name, roles.code AS roles_code, roles.description AS roles_description, roles.created_at AS roles_created_at 
FROM permissions AS permissions_1 JOIN role_permissions AS role_permissions_1 ON permissions_1.id = role_permissions_1.permission_id JOIN roles ON roles.id = role_permissions_1.role_id 
WHERE permissions_1.id IN (?)
2026-06-27 01:24:22,216 INFO sqlalchemy.engine.Engine [cached since 0.002101s ago] (3,)
2026-06-27 01:24:22,217 INFO sqlalchemy.engine.Engine SELECT permissions.id AS permissions_id, permissions.name AS permissions_name, permissions.code AS permissions_code, permissions.module AS permissions_module, permissions.description AS permissions_description 
FROM permissions 
WHERE permissions.code = ?
 LIMIT ? OFFSET ?
2026-06-27 01:24:22,217 INFO sqlalchemy.engine.Engine [cached since 0.003722s ago] ('user:delete', 1, 0)
2026-06-27 01:24:22,217 INFO sqlalchemy.engine.Engine SELECT permissions_1.id AS permissions_1_id, roles.id AS roles_id, roles.name AS roles_name, roles.code AS roles_code, roles.description AS roles_description, roles.created_at AS roles_created_at 
FROM permissions AS permissions_1 JOIN role_permissions AS role_permissions_1 ON permissions_1.id = role_permissions_1.permission_id JOIN roles ON roles.id = role_permissions_1.role_id 
WHERE permissions_1.id IN (?)
2026-06-27 01:24:22,217 INFO sqlalchemy.engine.Engine [cached since 0.003017s ago] (4,)
2026-06-27 01:24:22,218 INFO sqlalchemy.engine.Engine SELECT permissions.id AS permissions_id, permissions.name AS permissions_name, permissions.code AS permissions_code, permissions.module AS permissions_module, permissions.description AS permissions_description 
FROM permissions 
WHERE permissions.code = ?
 LIMIT ? OFFSET ?
2026-06-27 01:24:22,218 INFO sqlalchemy.engine.Engine [cached since 0.004648s ago] ('material:add', 1, 0)
2026-06-27 01:24:22,218 INFO sqlalchemy.engine.Engine SELECT permissions_1.id AS permissions_1_id, roles.id AS roles_id, roles.name AS roles_name, roles.code AS roles_code, roles.description AS roles_description, roles.created_at AS roles_created_at 
FROM permissions AS permissions_1 JOIN role_permissions AS role_permissions_1 ON permissions_1.id = role_permissions_1.permission_id JOIN roles ON roles.id = role_permissions_1.role_id 
WHERE permissions_1.id IN (?)
2026-06-27 01:24:22,218 INFO sqlalchemy.engine.Engine [cached since 0.00395s ago] (5,)
2026-06-27 01:24:22,218 INFO sqlalchemy.engine.Engine SELECT permissions.id AS permissions_id, permissions.name AS permissions_name, permissions.code AS permissions_code, permissions.module AS permissions_module, permissions.description AS permissions_description 
FROM permissions 
WHERE permissions.code = ?
 LIMIT ? OFFSET ?
2026-06-27 01:24:22,219 INFO sqlalchemy.engine.Engine [cached since 0.005593s ago] ('material:edit', 1, 0)
2026-06-27 01:24:22,219 INFO sqlalchemy.engine.Engine SELECT permissions_1.id AS permissions_1_id, roles.id AS roles_id, roles.name AS roles_name, roles.code AS roles_code, roles.description AS roles_description, roles.created_at AS roles_created_at 
FROM permissions AS permissions_1 JOIN role_permissions AS role_permissions_1 ON permissions_1.id = role_permissions_1.permission_id JOIN roles ON roles.id = role_permissions_1.role_id 
WHERE permissions_1.id IN (?)
2026-06-27 01:24:22,219 INFO sqlalchemy.engine.Engine [cached since 0.004881s ago] (6,)
2026-06-27 01:24:22,220 INFO sqlalchemy.engine.Engine SELECT permissions.id AS permissions_id, permissions.name AS permissions_name, permissions.code AS permissions_code, permissions.module AS permissions_module, permissions.description AS permissions_description 
FROM permissions 
WHERE permissions.code = ?
 LIMIT ? OFFSET ?
2026-06-27 01:24:22,220 INFO sqlalchemy.engine.Engine [cached since 0.006776s ago] ('material:delete', 1, 0)
2026-06-27 01:24:22,220 INFO sqlalchemy.engine.Engine SELECT permissions_1.id AS permissions_1_id, roles.id AS roles_id, roles.name AS roles_name, roles.code AS roles_code, roles.description AS roles_description, roles.created_at AS roles_created_at 
FROM permissions AS permissions_1 JOIN role_permissions AS role_permissions_1 ON permissions_1.id = role_permissions_1.permission_id JOIN roles ON roles.id = role_permissions_1.role_id 
WHERE permissions_1.id IN (?)
2026-06-27 01:24:22,220 INFO sqlalchemy.engine.Engine [cached since 0.006156s ago] (7,)
2026-06-27 01:24:22,221 INFO sqlalchemy.engine.Engine SELECT permissions.id AS permissions_id, permissions.name AS permissions_name, permissions.code AS permissions_code, permissions.module AS permissions_module, permissions.description AS permissions_description 
FROM permissions 
WHERE permissions.code = ?
 LIMIT ? OFFSET ?
2026-06-27 01:24:22,221 INFO sqlalchemy.engine.Engine [cached since 0.007981s ago] ('material:category:add', 1, 0)
2026-06-27 01:24:22,221 INFO sqlalchemy.engine.Engine SELECT permissions_1.id AS permissions_1_id, roles.id AS roles_id, roles.name AS roles_name, roles.code AS roles_code, roles.description AS roles_description, roles.created_at AS roles_created_at 
FROM permissions AS permissions_1 JOIN role_permissions AS role_permissions_1 ON permissions_1.id = role_permissions_1.permission_id JOIN roles ON roles.id = role_permissions_1.role_id 
WHERE permissions_1.id IN (?)
2026-06-27 01:24:22,222 INFO sqlalchemy.engine.Engine [cached since 0.0074s ago] (8,)
2026-06-27 01:24:22,222 INFO sqlalchemy.engine.Engine SELECT permissions.id AS permissions_id, permissions.name AS permissions_name, permissions.code AS permissions_code, permissions.module AS permissions_module, permissions.description AS permissions_description 
FROM permissions 
WHERE permissions.code = ?
 LIMIT ? OFFSET ?
2026-06-27 01:24:22,222 INFO sqlalchemy.engine.Engine [cached since 0.009054s ago] ('material:category:edit', 1, 0)
2026-06-27 01:24:22,222 INFO sqlalchemy.engine.Engine SELECT permissions_1.id AS permissions_1_id, roles.id AS roles_id, roles.name AS roles_name, roles.code AS roles_code, roles.description AS roles_description, roles.created_at AS roles_created_at 
FROM permissions AS permissions_1 JOIN role_permissions AS role_permissions_1 ON permissions_1.id = role_permissions_1.permission_id JOIN roles ON roles.id = role_permissions_1.role_id 
WHERE permissions_1.id IN (?)
2026-06-27 01:24:22,223 INFO sqlalchemy.engine.Engine [cached since 0.008378s ago] (9,)
2026-06-27 01:24:22,223 INFO sqlalchemy.engine.Engine SELECT permissions.id AS permissions_id, permissions.name AS permissions_name, permissions.code AS permissions_code, permissions.module AS permissions_module, permissions.description AS permissions_description 
FROM permissions 
WHERE permissions.code = ?
 LIMIT ? OFFSET ?
2026-06-27 01:24:22,223 INFO sqlalchemy.engine.Engine [cached since 0.01s ago] ('material:category:delete', 1, 0)
2026-06-27 01:24:22,223 INFO sqlalchemy.engine.Engine SELECT permissions_1.id AS permissions_1_id, roles.id AS roles_id, roles.name AS roles_name, roles.code AS roles_code, roles.description AS roles_description, roles.created_at AS roles_created_at 
FROM permissions AS permissions_1 JOIN role_permissions AS role_permissions_1 ON permissions_1.id = role_permissions_1.permission_id JOIN roles ON roles.id = role_permissions_1.role_id 
WHERE permissions_1.id IN (?)
2026-06-27 01:24:22,223 INFO sqlalchemy.engine.Engine [cached since 0.009312s ago] (10,)
2026-06-27 01:24:22,224 INFO sqlalchemy.engine.Engine SELECT permissions.id AS permissions_id, permissions.name AS permissions_name, permissions.code AS permissions_code, permissions.module AS permissions_module, permissions.description AS permissions_description 
FROM permissions 
WHERE permissions.code = ?
 LIMIT ? OFFSET ?
2026-06-27 01:24:22,224 INFO sqlalchemy.engine.Engine [cached since 0.01094s ago] ('warehouse:add', 1, 0)
2026-06-27 01:24:22,224 INFO sqlalchemy.engine.Engine SELECT permissions_1.id AS permissions_1_id, roles.id AS roles_id, roles.name AS roles_name, roles.code AS roles_code, roles.description AS roles_description, roles.created_at AS roles_created_at 
FROM permissions AS permissions_1 JOIN role_permissions AS role_permissions_1 ON permissions_1.id = role_permissions_1.permission_id JOIN roles ON roles.id = role_permissions_1.role_id 
WHERE permissions_1.id IN (?)
2026-06-27 01:24:22,224 INFO sqlalchemy.engine.Engine [cached since 0.01027s ago] (11,)
2026-06-27 01:24:22,225 INFO sqlalchemy.engine.Engine SELECT permissions.id AS permissions_id, permissions.name AS permissions_name, permissions.code AS permissions_code, permissions.module AS permissions_module, permissions.description AS permissions_description 
FROM permissions 
WHERE permissions.code = ?
 LIMIT ? OFFSET ?
2026-06-27 01:24:22,225 INFO sqlalchemy.engine.Engine [cached since 0.01188s ago] ('warehouse:edit', 1, 0)
2026-06-27 01:24:22,225 INFO sqlalchemy.engine.Engine SELECT permissions_1.id AS permissions_1_id, roles.id AS roles_id, roles.name AS roles_name, roles.code AS roles_code, roles.description AS roles_description, roles.created_at AS roles_created_at 
FROM permissions AS permissions_1 JOIN role_permissions AS role_permissions_1 ON permissions_1.id = role_permissions_1.permission_id JOIN roles ON roles.id = role_permissions_1.role_id 
WHERE permissions_1.id IN (?)
2026-06-27 01:24:22,225 INFO sqlalchemy.engine.Engine [cached since 0.01114s ago] (12,)
2026-06-27 01:24:22,226 INFO sqlalchemy.engine.Engine SELECT permissions.id AS permissions_id, permissions.name AS permissions_name, permissions.code AS permissions_code, permissions.module AS permissions_module, permissions.description AS permissions_description 
FROM permissions 
WHERE permissions.code = ?
 LIMIT ? OFFSET ?
2026-06-27 01:24:22,226 INFO sqlalchemy.engine.Engine [cached since 0.01276s ago] ('warehouse:delete', 1, 0)
2026-06-27 01:24:22,226 INFO sqlalchemy.engine.Engine SELECT permissions_1.id AS permissions_1_id, roles.id AS roles_id, roles.name AS roles_name, roles.code AS roles_code, roles.description AS roles_description, roles.created_at AS roles_created_at 
FROM permissions AS permissions_1 JOIN role_permissions AS role_permissions_1 ON permissions_1.id = role_permissions_1.permission_id JOIN roles ON roles.id = role_permissions_1.role_id 
WHERE permissions_1.id IN (?)
2026-06-27 01:24:22,226 INFO sqlalchemy.engine.Engine [cached since 0.01209s ago] (13,)
2026-06-27 01:24:22,227 INFO sqlalchemy.engine.Engine SELECT permissions.id AS permissions_id, permissions.name AS permissions_name, permissions.code AS permissions_code, permissions.module AS permissions_module, permissions.description AS permissions_description 
FROM permissions 
WHERE permissions.code = ?
 LIMIT ? OFFSET ?
2026-06-27 01:24:22,227 INFO sqlalchemy.engine.Engine [cached since 0.01371s ago] ('stock_in:add', 1, 0)
2026-06-27 01:24:22,227 INFO sqlalchemy.engine.Engine SELECT permissions_1.id AS permissions_1_id, roles.id AS roles_id, roles.name AS roles_name, roles.code AS roles_code, roles.description AS roles_description, roles.created_at AS roles_created_at 
FROM permissions AS permissions_1 JOIN role_permissions AS role_permissions_1 ON permissions_1.id = role_permissions_1.permission_id JOIN roles ON roles.id = role_permissions_1.role_id 
WHERE permissions_1.id IN (?)
2026-06-27 01:24:22,227 INFO sqlalchemy.engine.Engine [cached since 0.01297s ago] (14,)
2026-06-27 01:24:22,227 INFO sqlalchemy.engine.Engine SELECT permissions.id AS permissions_id, permissions.name AS permissions_name, permissions.code AS permissions_code, permissions.module AS permissions_module, permissions.description AS permissions_description 
FROM permissions 
WHERE permissions.code = ?
 LIMIT ? OFFSET ?
2026-06-27 01:24:22,228 INFO sqlalchemy.engine.Engine [cached since 0.01459s ago] ('stock_in:edit', 1, 0)
2026-06-27 01:24:22,228 INFO sqlalchemy.engine.Engine SELECT permissions_1.id AS permissions_1_id, roles.id AS roles_id, roles.name AS roles_name, roles.code AS roles_code, roles.description AS roles_description, roles.created_at AS roles_created_at 
FROM permissions AS permissions_1 JOIN role_permissions AS role_permissions_1 ON permissions_1.id = role_permissions_1.permission_id JOIN roles ON roles.id = role_permissions_1.role_id 
WHERE permissions_1.id IN (?)
2026-06-27 01:24:22,228 INFO sqlalchemy.engine.Engine [cached since 0.01387s ago] (15,)
2026-06-27 01:24:22,228 INFO sqlalchemy.engine.Engine SELECT permissions.id AS permissions_id, permissions.name AS permissions_name, permissions.code AS permissions_code, permissions.module AS permissions_module, permissions.description AS permissions_description 
FROM permissions 
WHERE permissions.code = ?
 LIMIT ? OFFSET ?
2026-06-27 01:24:22,228 INFO sqlalchemy.engine.Engine [cached since 0.01549s ago] ('stock_in:submit', 1, 0)
2026-06-27 01:24:22,229 INFO sqlalchemy.engine.Engine SELECT permissions_1.id AS permissions_1_id, roles.id AS roles_id, roles.name AS roles_name, roles.code AS roles_code, roles.description AS roles_description, roles.created_at AS roles_created_at 
FROM permissions AS permissions_1 JOIN role_permissions AS role_permissions_1 ON permissions_1.id = role_permissions_1.permission_id JOIN roles ON roles.id = role_permissions_1.role_id 
WHERE permissions_1.id IN (?)
2026-06-27 01:24:22,229 INFO sqlalchemy.engine.Engine [cached since 0.01484s ago] (16,)
2026-06-27 01:24:22,229 INFO sqlalchemy.engine.Engine SELECT permissions.id AS permissions_id, permissions.name AS permissions_name, permissions.code AS permissions_code, permissions.module AS permissions_module, permissions.description AS permissions_description 
FROM permissions 
WHERE permissions.code = ?
 LIMIT ? OFFSET ?
2026-06-27 01:24:22,230 INFO sqlalchemy.engine.Engine [cached since 0.01661s ago] ('stock_in:approve', 1, 0)
2026-06-27 01:24:22,230 INFO sqlalchemy.engine.Engine SELECT permissions_1.id AS permissions_1_id, roles.id AS roles_id, roles.name AS roles_name, roles.code AS roles_code, roles.description AS roles_description, roles.created_at AS roles_created_at 
FROM permissions AS permissions_1 JOIN role_permissions AS role_permissions_1 ON permissions_1.id = role_permissions_1.permission_id JOIN roles ON roles.id = role_permissions_1.role_id 
WHERE permissions_1.id IN (?)
2026-06-27 01:24:22,230 INFO sqlalchemy.engine.Engine [cached since 0.01604s ago] (17,)
2026-06-27 01:24:22,231 INFO sqlalchemy.engine.Engine SELECT permissions.id AS permissions_id, permissions.name AS permissions_name, permissions.code AS permissions_code, permissions.module AS permissions_module, permissions.description AS permissions_description 
FROM permissions 
WHERE permissions.code = ?
 LIMIT ? OFFSET ?
2026-06-27 01:24:22,231 INFO sqlalchemy.engine.Engine [cached since 0.01781s ago] ('stock_in:execute', 1, 0)
2026-06-27 01:24:22,231 INFO sqlalchemy.engine.Engine SELECT permissions_1.id AS permissions_1_id, roles.id AS roles_id, roles.name AS roles_name, roles.code AS roles_code, roles.description AS roles_description, roles.created_at AS roles_created_at 
FROM permissions AS permissions_1 JOIN role_permissions AS role_permissions_1 ON permissions_1.id = role_permissions_1.permission_id JOIN roles ON roles.id = role_permissions_1.role_id 
WHERE permissions_1.id IN (?)
2026-06-27 01:24:22,231 INFO sqlalchemy.engine.Engine [cached since 0.01722s ago] (18,)
2026-06-27 01:24:22,232 INFO sqlalchemy.engine.Engine SELECT permissions.id AS permissions_id, permissions.name AS permissions_name, permissions.code AS permissions_code, permissions.module AS permissions_module, permissions.description AS permissions_description 
FROM permissions 
WHERE permissions.code = ?
 LIMIT ? OFFSET ?
2026-06-27 01:24:22,232 INFO sqlalchemy.engine.Engine [cached since 0.01885s ago] ('stock_out:add', 1, 0)
2026-06-27 01:24:22,232 INFO sqlalchemy.engine.Engine SELECT permissions_1.id AS permissions_1_id, roles.id AS roles_id, roles.name AS roles_name, roles.code AS roles_code, roles.description AS roles_description, roles.created_at AS roles_created_at 
FROM permissions AS permissions_1 JOIN role_permissions AS role_permissions_1 ON permissions_1.id = role_permissions_1.permission_id JOIN roles ON roles.id = role_permissions_1.role_id 
WHERE permissions_1.id IN (?)
2026-06-27 01:24:22,232 INFO sqlalchemy.engine.Engine [cached since 0.01814s ago] (19,)
2026-06-27 01:24:22,233 INFO sqlalchemy.engine.Engine SELECT permissions.id AS permissions_id, permissions.name AS permissions_name, permissions.code AS permissions_code, permissions.module AS permissions_module, permissions.description AS permissions_description 
FROM permissions 
WHERE permissions.code = ?
 LIMIT ? OFFSET ?
2026-06-27 01:24:22,233 INFO sqlalchemy.engine.Engine [cached since 0.01976s ago] ('stock_out:edit', 1, 0)
2026-06-27 01:24:22,233 INFO sqlalchemy.engine.Engine SELECT permissions_1.id AS permissions_1_id, roles.id AS roles_id, roles.name AS roles_name, roles.code AS roles_code, roles.description AS roles_description, roles.created_at AS roles_created_at 
FROM permissions AS permissions_1 JOIN role_permissions AS role_permissions_1 ON permissions_1.id = role_permissions_1.permission_id JOIN roles ON roles.id = role_permissions_1.role_id 
WHERE permissions_1.id IN (?)
2026-06-27 01:24:22,233 INFO sqlalchemy.engine.Engine [cached since 0.01903s ago] (20,)
2026-06-27 01:24:22,234 INFO sqlalchemy.engine.Engine SELECT permissions.id AS permissions_id, permissions.name AS permissions_name, permissions.code AS permissions_code, permissions.module AS permissions_module, permissions.description AS permissions_description 
FROM permissions 
WHERE permissions.code = ?
 LIMIT ? OFFSET ?
2026-06-27 01:24:22,234 INFO sqlalchemy.engine.Engine [cached since 0.02065s ago] ('stock_out:submit', 1, 0)
2026-06-27 01:24:22,234 INFO sqlalchemy.engine.Engine SELECT permissions_1.id AS permissions_1_id, roles.id AS roles_id, roles.name AS roles_name, roles.code AS roles_code, roles.description AS roles_description, roles.created_at AS roles_created_at 
FROM permissions AS permissions_1 JOIN role_permissions AS role_permissions_1 ON permissions_1.id = role_permissions_1.permission_id JOIN roles ON roles.id = role_permissions_1.role_id 
WHERE permissions_1.id IN (?)
2026-06-27 01:24:22,234 INFO sqlalchemy.engine.Engine [cached since 0.01991s ago] (21,)
2026-06-27 01:24:22,234 INFO sqlalchemy.engine.Engine SELECT permissions.id AS permissions_id, permissions.name AS permissions_name, permissions.code AS permissions_code, permissions.module AS permissions_module, permissions.description AS permissions_description 
FROM permissions 
WHERE permissions.code = ?
 LIMIT ? OFFSET ?
2026-06-27 01:24:22,234 INFO sqlalchemy.engine.Engine [cached since 0.02154s ago] ('stock_out:approve', 1, 0)
2026-06-27 01:24:22,235 INFO sqlalchemy.engine.Engine SELECT permissions_1.id AS permissions_1_id, roles.id AS roles_id, roles.name AS roles_name, roles.code AS roles_code, roles.description AS roles_description, roles.created_at AS roles_created_at 
FROM permissions AS permissions_1 JOIN role_permissions AS role_permissions_1 ON permissions_1.id = role_permissions_1.permission_id JOIN roles ON roles.id = role_permissions_1.role_id 
WHERE permissions_1.id IN (?)
2026-06-27 01:24:22,235 INFO sqlalchemy.engine.Engine [cached since 0.02081s ago] (22,)
2026-06-27 01:24:22,235 INFO sqlalchemy.engine.Engine SELECT permissions.id AS permissions_id, permissions.name AS permissions_name, permissions.code AS permissions_code, permissions.module AS permissions_module, permissions.description AS permissions_description 
FROM permissions 
WHERE permissions.code = ?
 LIMIT ? OFFSET ?
2026-06-27 01:24:22,236 INFO sqlalchemy.engine.Engine [cached since 0.02265s ago] ('stock_out:execute', 1, 0)
2026-06-27 01:24:22,236 INFO sqlalchemy.engine.Engine SELECT permissions_1.id AS permissions_1_id, roles.id AS roles_id, roles.name AS roles_name, roles.code AS roles_code, roles.description AS roles_description, roles.created_at AS roles_created_at 
FROM permissions AS permissions_1 JOIN role_permissions AS role_permissions_1 ON permissions_1.id = role_permissions_1.permission_id JOIN roles ON roles.id = role_permissions_1.role_id 
WHERE permissions_1.id IN (?)
2026-06-27 01:24:22,236 INFO sqlalchemy.engine.Engine [cached since 0.02203s ago] (23,)
2026-06-27 01:24:22,237 INFO sqlalchemy.engine.Engine SELECT permissions.id AS permissions_id, permissions.name AS permissions_name, permissions.code AS permissions_code, permissions.module AS permissions_module, permissions.description AS permissions_description 
FROM permissions 
WHERE permissions.code = ?
 LIMIT ? OFFSET ?
2026-06-27 01:24:22,237 INFO sqlalchemy.engine.Engine [cached since 0.0237s ago] ('supplier:add', 1, 0)
2026-06-27 01:24:22,237 INFO sqlalchemy.engine.Engine SELECT permissions_1.id AS permissions_1_id, roles.id AS roles_id, roles.name AS roles_name, roles.code AS roles_code, roles.description AS roles_description, roles.created_at AS roles_created_at 
FROM permissions AS permissions_1 JOIN role_permissions AS role_permissions_1 ON permissions_1.id = role_permissions_1.permission_id JOIN roles ON roles.id = role_permissions_1.role_id 
WHERE permissions_1.id IN (?)
2026-06-27 01:24:22,237 INFO sqlalchemy.engine.Engine [cached since 0.023s ago] (24,)
2026-06-27 01:24:22,237 INFO sqlalchemy.engine.Engine SELECT permissions.id AS permissions_id, permissions.name AS permissions_name, permissions.code AS permissions_code, permissions.module AS permissions_module, permissions.description AS permissions_description 
FROM permissions 
WHERE permissions.code = ?
 LIMIT ? OFFSET ?
2026-06-27 01:24:22,238 INFO sqlalchemy.engine.Engine [cached since 0.02461s ago] ('supplier:edit', 1, 0)
2026-06-27 01:24:22,238 INFO sqlalchemy.engine.Engine SELECT permissions_1.id AS permissions_1_id, roles.id AS roles_id, roles.name AS roles_name, roles.code AS roles_code, roles.description AS roles_description, roles.created_at AS roles_created_at 
FROM permissions AS permissions_1 JOIN role_permissions AS role_permissions_1 ON permissions_1.id = role_permissions_1.permission_id JOIN roles ON roles.id = role_permissions_1.role_id 
WHERE permissions_1.id IN (?)
2026-06-27 01:24:22,238 INFO sqlalchemy.engine.Engine [cached since 0.02389s ago] (25,)
2026-06-27 01:24:22,238 INFO sqlalchemy.engine.Engine SELECT permissions.id AS permissions_id, permissions.name AS permissions_name, permissions.code AS permissions_code, permissions.module AS permissions_module, permissions.description AS permissions_description 
FROM permissions 
WHERE permissions.code = ?
 LIMIT ? OFFSET ?
2026-06-27 01:24:22,238 INFO sqlalchemy.engine.Engine [cached since 0.02553s ago] ('supplier:delete', 1, 0)
2026-06-27 01:24:22,239 INFO sqlalchemy.engine.Engine SELECT permissions_1.id AS permissions_1_id, roles.id AS roles_id, roles.name AS roles_name, roles.code AS roles_code, roles.description AS roles_description, roles.created_at AS roles_created_at 
FROM permissions AS permissions_1 JOIN role_permissions AS role_permissions_1 ON permissions_1.id = role_permissions_1.permission_id JOIN roles ON roles.id = role_permissions_1.role_id 
WHERE permissions_1.id IN (?)
2026-06-27 01:24:22,239 INFO sqlalchemy.engine.Engine [cached since 0.02498s ago] (26,)
2026-06-27 01:24:22,239 INFO sqlalchemy.engine.Engine COMMIT
INFO:     Application startup complete.
